c:\users\savan\my stuff\uni\year 3\semester 2\comp3931 - individual project\code\3d-mesh-simplification\meshsimplification\meshsimplification\x64\debug\vc143.pdb
c:\users\savan\my stuff\uni\year 3\semester 2\comp3931 - individual project\code\3d-mesh-simplification\meshsimplification\meshsimplification\x64\debug\vc143.idb
c:\users\savan\my stuff\uni\year 3\semester 2\comp3931 - individual project\code\3d-mesh-simplification\meshsimplification\meshsimplification\x64\debug\glad.obj
c:\users\savan\my stuff\uni\year 3\semester 2\comp3931 - individual project\code\3d-mesh-simplification\meshsimplification\meshsimplification\x64\debug\shader.obj
c:\users\savan\my stuff\uni\year 3\semester 2\comp3931 - individual project\code\3d-mesh-simplification\meshsimplification\meshsimplification\x64\debug\main.obj
c:\users\savan\my stuff\uni\year 3\semester 2\comp3931 - individual project\code\3d-mesh-simplification\meshsimplification\meshsimplification\x64\debug\camera.obj
c:\users\savan\my stuff\uni\year 3\semester 2\comp3931 - individual project\code\3d-mesh-simplification\meshsimplification\meshsimplification\x64\debug\mesh.obj
c:\users\savan\my stuff\uni\year 3\semester 2\comp3931 - individual project\code\3d-mesh-simplification\meshsimplification\meshsimplification\x64\debug\model.obj
c:\users\savan\my stuff\uni\year 3\semester 2\comp3931 - individual project\code\3d-mesh-simplification\meshsimplification\x64\debug\meshsimplification.exe
c:\users\savan\my stuff\uni\year 3\semester 2\comp3931 - individual project\code\3d-mesh-simplification\meshsimplification\x64\debug\meshsimplification.pdb
c:\users\savan\my stuff\uni\year 3\semester 2\comp3931 - individual project\code\3d-mesh-simplification\meshsimplification\meshsimplification\x64\debug\meshsimplification.ilk
c:\users\savan\my stuff\uni\year 3\semester 2\comp3931 - individual project\code\3d-mesh-simplification\meshsimplification\meshsimplification\x64\debug\meshsimp.b1beb6ba.tlog\cl.command.1.tlog
c:\users\savan\my stuff\uni\year 3\semester 2\comp3931 - individual project\code\3d-mesh-simplification\meshsimplification\meshsimplification\x64\debug\meshsimp.b1beb6ba.tlog\cl.items.tlog
c:\users\savan\my stuff\uni\year 3\semester 2\comp3931 - individual project\code\3d-mesh-simplification\meshsimplification\meshsimplification\x64\debug\meshsimp.b1beb6ba.tlog\cl.read.1.tlog
c:\users\savan\my stuff\uni\year 3\semester 2\comp3931 - individual project\code\3d-mesh-simplification\meshsimplification\meshsimplification\x64\debug\meshsimp.b1beb6ba.tlog\cl.write.1.tlog
c:\users\savan\my stuff\uni\year 3\semester 2\comp3931 - individual project\code\3d-mesh-simplification\meshsimplification\meshsimplification\x64\debug\meshsimp.b1beb6ba.tlog\link-cvtres.read.1.tlog
c:\users\savan\my stuff\uni\year 3\semester 2\comp3931 - individual project\code\3d-mesh-simplification\meshsimplification\meshsimplification\x64\debug\meshsimp.b1beb6ba.tlog\link-cvtres.write.1.tlog
c:\users\savan\my stuff\uni\year 3\semester 2\comp3931 - individual project\code\3d-mesh-simplification\meshsimplification\meshsimplification\x64\debug\meshsimp.b1beb6ba.tlog\link-rc.read.1.tlog
c:\users\savan\my stuff\uni\year 3\semester 2\comp3931 - individual project\code\3d-mesh-simplification\meshsimplification\meshsimplification\x64\debug\meshsimp.b1beb6ba.tlog\link-rc.write.1.tlog
c:\users\savan\my stuff\uni\year 3\semester 2\comp3931 - individual project\code\3d-mesh-simplification\meshsimplification\meshsimplification\x64\debug\meshsimp.b1beb6ba.tlog\link.30356-cvtres.read.1.tlog
c:\users\savan\my stuff\uni\year 3\semester 2\comp3931 - individual project\code\3d-mesh-simplification\meshsimplification\meshsimplification\x64\debug\meshsimp.b1beb6ba.tlog\link.30356-cvtres.write.1.tlog
c:\users\savan\my stuff\uni\year 3\semester 2\comp3931 - individual project\code\3d-mesh-simplification\meshsimplification\meshsimplification\x64\debug\meshsimp.b1beb6ba.tlog\link.30356-rc.read.1.tlog
c:\users\savan\my stuff\uni\year 3\semester 2\comp3931 - individual project\code\3d-mesh-simplification\meshsimplification\meshsimplification\x64\debug\meshsimp.b1beb6ba.tlog\link.30356-rc.write.1.tlog
c:\users\savan\my stuff\uni\year 3\semester 2\comp3931 - individual project\code\3d-mesh-simplification\meshsimplification\meshsimplification\x64\debug\meshsimp.b1beb6ba.tlog\link.30356.read.1.tlog
c:\users\savan\my stuff\uni\year 3\semester 2\comp3931 - individual project\code\3d-mesh-simplification\meshsimplification\meshsimplification\x64\debug\meshsimp.b1beb6ba.tlog\link.30356.read.2.tlog
c:\users\savan\my stuff\uni\year 3\semester 2\comp3931 - individual project\code\3d-mesh-simplification\meshsimplification\meshsimplification\x64\debug\meshsimp.b1beb6ba.tlog\link.30356.read.3.tlog
c:\users\savan\my stuff\uni\year 3\semester 2\comp3931 - individual project\code\3d-mesh-simplification\meshsimplification\meshsimplification\x64\debug\meshsimp.b1beb6ba.tlog\link.30356.read.4.tlog
c:\users\savan\my stuff\uni\year 3\semester 2\comp3931 - individual project\code\3d-mesh-simplification\meshsimplification\meshsimplification\x64\debug\meshsimp.b1beb6ba.tlog\link.30356.write.1.tlog
c:\users\savan\my stuff\uni\year 3\semester 2\comp3931 - individual project\code\3d-mesh-simplification\meshsimplification\meshsimplification\x64\debug\meshsimp.b1beb6ba.tlog\link.command.1.tlog
c:\users\savan\my stuff\uni\year 3\semester 2\comp3931 - individual project\code\3d-mesh-simplification\meshsimplification\meshsimplification\x64\debug\meshsimp.b1beb6ba.tlog\link.read.1.tlog
c:\users\savan\my stuff\uni\year 3\semester 2\comp3931 - individual project\code\3d-mesh-simplification\meshsimplification\meshsimplification\x64\debug\meshsimp.b1beb6ba.tlog\link.read.2.tlog
c:\users\savan\my stuff\uni\year 3\semester 2\comp3931 - individual project\code\3d-mesh-simplification\meshsimplification\meshsimplification\x64\debug\meshsimp.b1beb6ba.tlog\link.read.3.tlog
c:\users\savan\my stuff\uni\year 3\semester 2\comp3931 - individual project\code\3d-mesh-simplification\meshsimplification\meshsimplification\x64\debug\meshsimp.b1beb6ba.tlog\link.read.4.tlog
c:\users\savan\my stuff\uni\year 3\semester 2\comp3931 - individual project\code\3d-mesh-simplification\meshsimplification\meshsimplification\x64\debug\meshsimp.b1beb6ba.tlog\link.secondary.1.tlog
c:\users\savan\my stuff\uni\year 3\semester 2\comp3931 - individual project\code\3d-mesh-simplification\meshsimplification\meshsimplification\x64\debug\meshsimp.b1beb6ba.tlog\link.write.1.tlog
