  Camera.cpp
  main.cpp
  Mesh.cpp
  Model.cpp
C:\Users\Savan\My Stuff\Uni\Year 3\Semester 2\COMP3931 - Individual Project\Code\3D-Mesh-Simplification\MeshSimplification\MeshSimplification\src\Model.cpp(208,47): warning C4267: '+=': conversion from 'size_t' to 'int', possible loss of data
C:\Users\Savan\My Stuff\Uni\Year 3\Semester 2\COMP3931 - Individual Project\Code\3D-Mesh-Simplification\MeshSimplification\MeshSimplification\src\Model.cpp(668,45): warning C4267: '=': conversion from 'size_t' to 'int', possible loss of data
  MyImGui.cpp
  MyOpenMesh.cpp
  Shader.cpp
  ImGuiFileDialog.cpp
  imgui.cpp
  imgui_demo.cpp
  imgui_draw.cpp
  imgui_impl_glfw.cpp
  imgui_impl_opengl3.cpp
  imgui_tables.cpp
  imgui_widgets.cpp
  Generating Code...
  glad.c
  LINK : C:\Users\Savan\My Stuff\Uni\Year 3\Semester 2\COMP3931 - Individual Project\Code\3D-Mesh-Simplification\MeshSimplification\x64\Debug\MeshSimplification.exe not found or not built by the last incremental link; performing full link
     Creating library C:\Users\Savan\My Stuff\Uni\Year 3\Semester 2\COMP3931 - Individual Project\Code\3D-Mesh-Simplification\MeshSimplification\x64\Debug\MeshSimplification.lib and object C:\Users\Savan\My Stuff\Uni\Year 3\Semester 2\COMP3931 - Individual Project\Code\3D-Mesh-Simplification\MeshSimplification\x64\Debug\MeshSimplification.exp
LINK : warning LNK4098: defaultlib 'MSVCRT' conflicts with use of other libs; use /NODEFAULTLIB:library
  MeshSimplification.vcxproj -> C:\Users\Savan\My Stuff\Uni\Year 3\Semester 2\COMP3931 - Individual Project\Code\3D-Mesh-Simplification\MeshSimplification\x64\Debug\MeshSimplification.exe
  'pwsh.exe' is not recognized as an internal or external command,
  operable program or batch file.
